d:\labs2\kpo\18\lab21\debug\vc143.pdb
d:\labs2\kpo\18\lab21\debug\vc143.idb
d:\labs2\kpo\18\lab21\debug\parm.obj
d:\labs2\kpo\18\lab21\debug\out.obj
d:\labs2\kpo\18\lab21\debug\mfst.obj
d:\labs2\kpo\18\lab21\debug\lt.obj
d:\labs2\kpo\18\lab21\debug\log.obj
d:\labs2\kpo\18\lab21\debug\lexanalysis.obj
d:\labs2\kpo\18\lab21\debug\lab18.obj
d:\labs2\kpo\18\lab21\debug\it.obj
d:\labs2\kpo\18\lab21\debug\in.obj
d:\labs2\kpo\18\lab21\debug\grb.obj
d:\labs2\kpo\18\lab21\debug\fst.obj
d:\labs2\kpo\18\lab21\debug\error.obj
d:\labs2\kpo\18\debug\18.exe
d:\labs2\kpo\18\lab21\debug\18.tlog\cl.command.1.tlog
d:\labs2\kpo\18\lab21\debug\18.tlog\cl.read.1.tlog
d:\labs2\kpo\18\lab21\debug\18.tlog\cl.write.1.tlog
d:\labs2\kpo\18\lab21\debug\18.tlog\link.command.1.tlog
d:\labs2\kpo\18\lab21\debug\18.tlog\link.read.1.tlog
d:\labs2\kpo\18\lab21\debug\18.tlog\link.write.1.tlog
