  Error.cpp
D:\LABS2\KPO\17\Lab17\Log.h(8,10): warning C4067: непредвиденные лексемы за директивой препроцессора, требуется newline
D:\LABS2\KPO\17\Lab17\Error.cpp(19,125): warning C4002: слишком много аргументов для вызова макроса, подобного функции, "ERROR_ENTRY_NODEF"
  FST.cpp
D:\LABS2\KPO\17\Lab17\Log.h(8,10): warning C4067: непредвиденные лексемы за директивой препроцессора, требуется newline
  In.cpp
D:\LABS2\KPO\17\Lab17\Log.h(8,10): warning C4067: непредвиденные лексемы за директивой препроцессора, требуется newline
  IT.cpp
D:\LABS2\KPO\17\Lab17\Log.h(8,10): warning C4067: непредвиденные лексемы за директивой препроцессора, требуется newline
  LexAn.cpp
D:\LABS2\KPO\17\Lab17\Log.h(8,10): warning C4067: непредвиденные лексемы за директивой препроцессора, требуется newline
  Log.cpp
D:\LABS2\KPO\17\Lab17\Log.h(8,10): warning C4067: непредвиденные лексемы за директивой препроцессора, требуется newline
  LP_Lab14-2.cpp
D:\LABS2\KPO\17\Lab17\Log.h(8,10): warning C4067: непредвиденные лексемы за директивой препроцессора, требуется newline
  LT.cpp
D:\LABS2\KPO\17\Lab17\Log.h(8,10): warning C4067: непредвиденные лексемы за директивой препроцессора, требуется newline
  Parm.cpp
D:\LABS2\KPO\17\Lab17\Log.h(8,10): warning C4067: непредвиденные лексемы за директивой препроцессора, требуется newline
  Создание кода...
D:\LABS2\KPO\17\Lab17\Error.cpp(60): warning C4715: Error::geterrorin: значение возвращается не при всех путях выполнения
D:\LABS2\KPO\17\Lab17\Error.cpp(41): warning C4715: Error::geterror: значение возвращается не при всех путях выполнения
  Lab17.vcxproj -> D:\LABS2\KPO\17\Lab17\Debug\Lab17.exe
