d:\labs2\kpo\17\lab17\lab17\debug\vc143.pdb
d:\labs2\kpo\17\lab17\lab17\debug\vc143.idb
d:\labs2\kpo\17\lab17\lab17\debug\parm.obj
d:\labs2\kpo\17\lab17\lab17\debug\out.obj
d:\labs2\kpo\17\lab17\lab17\debug\lt.obj
d:\labs2\kpo\17\lab17\lab17\debug\log.obj
d:\labs2\kpo\17\lab17\lab17\debug\lexanalysis.obj
d:\labs2\kpo\17\lab17\lab17\debug\lab17.obj
d:\labs2\kpo\17\lab17\lab17\debug\it.obj
d:\labs2\kpo\17\lab17\lab17\debug\in.obj
d:\labs2\kpo\17\lab17\lab17\debug\fst.obj
d:\labs2\kpo\17\lab17\lab17\debug\error.obj
d:\labs2\kpo\17\lab17\lab17\debug\lab17.ilk
d:\labs2\kpo\17\lab17\lab17\debug\lab17.exe
d:\labs2\kpo\17\lab17\lab17\debug\lab17.pdb
d:\labs2\kpo\17\lab17\lab17\debug\lab17.tlog\cl.command.1.tlog
d:\labs2\kpo\17\lab17\lab17\debug\lab17.tlog\cl.items.tlog
d:\labs2\kpo\17\lab17\lab17\debug\lab17.tlog\cl.read.1.tlog
d:\labs2\kpo\17\lab17\lab17\debug\lab17.tlog\cl.write.1.tlog
d:\labs2\kpo\17\lab17\lab17\debug\lab17.tlog\link.command.1.tlog
d:\labs2\kpo\17\lab17\lab17\debug\lab17.tlog\link.read.1.tlog
d:\labs2\kpo\17\lab17\lab17\debug\lab17.tlog\link.write.1.tlog
