C:\Program Files\Microsoft Visual Studio\2022\Community\MSBuild\Microsoft\VC\v170\Microsoft.CppBuild.targets(531,5): warning MSB8028: промежуточный каталог (Debug\) содержит файлы, которые используются совместно с другим проектом (Lab20.vcxproj).  Это может привести к ошибкам очистки и перестроения.
  Error.cpp
  FST.cpp
D:\LABS2\KPO\17\Lab17\Lab17\FST.cpp(62,17): warning C4267: инициализация: преобразование из "size_t" в "short"; возможна потеря данных
  In.cpp
  IT.cpp
D:\LABS2\KPO\17\Lab17\Lab17\IT.cpp(79,32): warning C4267: =: преобразование из "size_t" в "unsigned char"; возможна потеря данных
D:\LABS2\KPO\17\Lab17\Lab17\IT.cpp(99,32): warning C4267: =: преобразование из "size_t" в "unsigned char"; возможна потеря данных
  Lab17.cpp
D:\LABS2\KPO\17\Lab17\Lab17\Lab17.cpp(17,5): warning C4102: Log: неиспользованная метка
  LexAnalysis.cpp
D:\LABS2\KPO\17\Lab17\Lab17\LexAnalysis.cpp(80,17): warning C4305: =: усечение из "int" в "char"
D:\LABS2\KPO\17\Lab17\Lab17\LexAnalysis.cpp(80,17): warning C4309: =: усечение константного значения
D:\LABS2\KPO\17\Lab17\Lab17\LexAnalysis.cpp(350,31): warning C4566: символ, представленный универсальным именем символа "\u00B8", невозможно представить в текущей кодовой странице (1251)
  Log.cpp
  LT.cpp
  Out.cpp
  Parm.cpp
  Создание кода...
D:\LABS2\KPO\17\Lab17\Lab17\LT.cpp(23): warning C4715: LT::LexTable::GetEntry: значение возвращается не при всех путях выполнения
D:\LABS2\KPO\17\Lab17\Lab17\IT.cpp(192): warning C4172: возвращение адреса локальной или временной переменной : buffer
D:\LABS2\KPO\17\Lab17\Lab17\IT.cpp(160): warning C4715: IT::IdTable::GetEntry: значение возвращается не при всех путях выполнения
  Lab20.vcxproj -> D:\LABS2\KPO\17\Lab17\Lab17\Debug\Lab17.exe
