d:\labs2\kpo\17\lab20\lab20\debug\vc143.pdb
d:\labs2\kpo\17\lab20\lab20\debug\vc143.idb
d:\labs2\kpo\17\lab20\lab20\debug\parm.obj
d:\labs2\kpo\17\lab20\lab20\debug\out.obj
d:\labs2\kpo\17\lab20\lab20\debug\lt.obj
d:\labs2\kpo\17\lab20\lab20\debug\log.obj
d:\labs2\kpo\17\lab20\lab20\debug\lexanalysis.obj
d:\labs2\kpo\17\lab20\lab20\debug\lab20.obj
d:\labs2\kpo\17\lab20\lab20\debug\it.obj
d:\labs2\kpo\17\lab20\lab20\debug\in.obj
d:\labs2\kpo\17\lab20\lab20\debug\fst.obj
d:\labs2\kpo\17\lab20\lab20\debug\error.obj
d:\labs2\kpo\17\lab20\lab20\debug\lab20.ilk
d:\labs2\kpo\17\lab20\lab20\debug\lab20.exe
d:\labs2\kpo\17\lab20\lab20\debug\lab20.pdb
d:\labs2\kpo\17\lab20\lab20\debug\lab20.tlog\cl.command.1.tlog
d:\labs2\kpo\17\lab20\lab20\debug\lab20.tlog\cl.items.tlog
d:\labs2\kpo\17\lab20\lab20\debug\lab20.tlog\cl.read.1.tlog
d:\labs2\kpo\17\lab20\lab20\debug\lab20.tlog\cl.write.1.tlog
d:\labs2\kpo\17\lab20\lab20\debug\lab20.tlog\link.command.1.tlog
d:\labs2\kpo\17\lab20\lab20\debug\lab20.tlog\link.read.1.tlog
d:\labs2\kpo\17\lab20\lab20\debug\lab20.tlog\link.write.1.tlog
